-------------------------------------------------------------------------------
Test set: test.GreetTest
-------------------------------------------------------------------------------
Tests run: 11, Failures: 1, Errors: 0, Skipped: 0, Time elapsed: 0.064 s <<< FAILURE! - in test.GreetTest
shouldBeAbleToDecrementOneUserCounter  Time elapsed: 0.008 s  <<< FAILURE!
org.opentest4j.AssertionFailedError: expected: <Luyolo : 0> but was: <Luyolo : 1>
	at test.GreetTest.shouldBeAbleToDecrementOneUserCounter(GreetTest.java:114)

